<?xml version="1.0" encoding="UTF-8"?>
<testsuite xmlns:xsi="http://www.w3.org/2001/XMLSchema-instance" xsi:noNamespaceSchemaLocation="https://maven.apache.org/surefire/maven-surefire-plugin/xsd/surefire-test-report-3.0.xsd" version="3.0" name="com.jakubrurak.pdfoperations.merge.PDFMergerHandlerTest" time="8.892" tests="2" errors="0" skipped="0" failures="0">
  <properties>
    <property name="java.specification.version" value="19"/>
    <property name="sun.cpu.isalist" value="amd64"/>
    <property name="sun.jnu.encoding" value="Cp1250"/>
    <property name="java.class.path" value="C:\pdf-transformation\backend\pdf-transformation-monorepo\pdf-merger-service\target\test-classes;C:\pdf-transformation\backend\pdf-transformation-monorepo\pdf-merger-service\target\classes;C:\Users\lamzz\.m2\repository\org\apache\pdfbox\pdfbox\2.0.24\pdfbox-2.0.24.jar;C:\Users\lamzz\.m2\repository\org\apache\pdfbox\fontbox\2.0.24\fontbox-2.0.24.jar;C:\Users\lamzz\.m2\repository\commons-logging\commons-logging\1.2\commons-logging-1.2.jar;C:\Users\lamzz\.m2\repository\com\amazonaws\aws-lambda-java-core\1.2.3\aws-lambda-java-core-1.2.3.jar;C:\Users\lamzz\.m2\repository\software\amazon\awssdk\s3\2.20.162\s3-2.20.162.jar;C:\Users\lamzz\.m2\repository\software\amazon\awssdk\aws-xml-protocol\2.20.162\aws-xml-protocol-2.20.162.jar;C:\Users\lamzz\.m2\repository\software\amazon\awssdk\aws-query-protocol\2.20.162\aws-query-protocol-2.20.162.jar;C:\Users\lamzz\.m2\repository\software\amazon\awssdk\protocol-core\2.20.162\protocol-core-2.20.162.jar;C:\Users\lamzz\.m2\repository\software\amazon\awssdk\arns\2.20.162\arns-2.20.162.jar;C:\Users\lamzz\.m2\repository\software\amazon\awssdk\profiles\2.20.162\profiles-2.20.162.jar;C:\Users\lamzz\.m2\repository\software\amazon\awssdk\crt-core\2.20.162\crt-core-2.20.162.jar;C:\Users\lamzz\.m2\repository\software\amazon\awssdk\sdk-core\2.20.162\sdk-core-2.20.162.jar;C:\Users\lamzz\.m2\repository\org\reactivestreams\reactive-streams\1.0.4\reactive-streams-1.0.4.jar;C:\Users\lamzz\.m2\repository\software\amazon\awssdk\auth\2.20.162\auth-2.20.162.jar;C:\Users\lamzz\.m2\repository\software\amazon\eventstream\eventstream\1.0.1\eventstream-1.0.1.jar;C:\Users\lamzz\.m2\repository\software\amazon\awssdk\http-client-spi\2.20.162\http-client-spi-2.20.162.jar;C:\Users\lamzz\.m2\repository\software\amazon\awssdk\regions\2.20.162\regions-2.20.162.jar;C:\Users\lamzz\.m2\repository\software\amazon\awssdk\annotations\2.20.162\annotations-2.20.162.jar;C:\Users\lamzz\.m2\repository\software\amazon\awssdk\utils\2.20.162\utils-2.20.162.jar;C:\Users\lamzz\.m2\repository\software\amazon\awssdk\aws-core\2.20.162\aws-core-2.20.162.jar;C:\Users\lamzz\.m2\repository\software\amazon\awssdk\metrics-spi\2.20.162\metrics-spi-2.20.162.jar;C:\Users\lamzz\.m2\repository\software\amazon\awssdk\json-utils\2.20.162\json-utils-2.20.162.jar;C:\Users\lamzz\.m2\repository\software\amazon\awssdk\third-party-jackson-core\2.20.162\third-party-jackson-core-2.20.162.jar;C:\Users\lamzz\.m2\repository\software\amazon\awssdk\endpoints-spi\2.20.162\endpoints-spi-2.20.162.jar;C:\Users\lamzz\.m2\repository\software\amazon\awssdk\apache-client\2.20.162\apache-client-2.20.162.jar;C:\Users\lamzz\.m2\repository\org\apache\httpcomponents\httpclient\4.5.13\httpclient-4.5.13.jar;C:\Users\lamzz\.m2\repository\org\apache\httpcomponents\httpcore\4.4.13\httpcore-4.4.13.jar;C:\Users\lamzz\.m2\repository\commons-codec\commons-codec\1.15\commons-codec-1.15.jar;C:\Users\lamzz\.m2\repository\software\amazon\awssdk\netty-nio-client\2.20.162\netty-nio-client-2.20.162.jar;C:\Users\lamzz\.m2\repository\io\netty\netty-codec-http\4.1.94.Final\netty-codec-http-4.1.94.Final.jar;C:\Users\lamzz\.m2\repository\io\netty\netty-codec-http2\4.1.94.Final\netty-codec-http2-4.1.94.Final.jar;C:\Users\lamzz\.m2\repository\io\netty\netty-codec\4.1.94.Final\netty-codec-4.1.94.Final.jar;C:\Users\lamzz\.m2\repository\io\netty\netty-transport\4.1.94.Final\netty-transport-4.1.94.Final.jar;C:\Users\lamzz\.m2\repository\io\netty\netty-common\4.1.94.Final\netty-common-4.1.94.Final.jar;C:\Users\lamzz\.m2\repository\io\netty\netty-buffer\4.1.94.Final\netty-buffer-4.1.94.Final.jar;C:\Users\lamzz\.m2\repository\io\netty\netty-handler\4.1.94.Final\netty-handler-4.1.94.Final.jar;C:\Users\lamzz\.m2\repository\io\netty\netty-transport-native-unix-common\4.1.94.Final\netty-transport-native-unix-common-4.1.94.Final.jar;C:\Users\lamzz\.m2\repository\io\netty\netty-transport-classes-epoll\4.1.94.Final\netty-transport-classes-epoll-4.1.94.Final.jar;C:\Users\lamzz\.m2\repository\io\netty\netty-resolver\4.1.94.Final\netty-resolver-4.1.94.Final.jar;C:\Users\lamzz\.m2\repository\software\amazon\awssdk\dynamodb\2.20.162\dynamodb-2.20.162.jar;C:\Users\lamzz\.m2\repository\software\amazon\awssdk\aws-json-protocol\2.20.162\aws-json-protocol-2.20.162.jar;C:\Users\lamzz\.m2\repository\software\amazon\awssdk\lambda\2.20.162\lambda-2.20.162.jar;C:\Users\lamzz\.m2\repository\com\amazonaws\aws-lambda-java-events\3.11.0\aws-lambda-java-events-3.11.0.jar;C:\Users\lamzz\.m2\repository\joda-time\joda-time\2.6\joda-time-2.6.jar;C:\Users\lamzz\.m2\repository\org\apache\logging\log4j\log4j-slf4j2-impl\2.20.0\log4j-slf4j2-impl-2.20.0.jar;C:\Users\lamzz\.m2\repository\org\apache\logging\log4j\log4j-api\2.20.0\log4j-api-2.20.0.jar;C:\Users\lamzz\.m2\repository\org\slf4j\slf4j-api\2.0.6\slf4j-api-2.0.6.jar;C:\Users\lamzz\.m2\repository\org\apache\logging\log4j\log4j-core\2.20.0\log4j-core-2.20.0.jar;C:\Users\lamzz\.m2\repository\com\fasterxml\jackson\core\jackson-databind\2.15.2\jackson-databind-2.15.2.jar;C:\Users\lamzz\.m2\repository\com\fasterxml\jackson\core\jackson-annotations\2.15.2\jackson-annotations-2.15.2.jar;C:\Users\lamzz\.m2\repository\com\fasterxml\jackson\core\jackson-core\2.15.2\jackson-core-2.15.2.jar;C:\Users\lamzz\.m2\repository\javax\xml\bind\jaxb-api\2.3.1\jaxb-api-2.3.1.jar;C:\Users\lamzz\.m2\repository\javax\activation\javax.activation-api\1.2.0\javax.activation-api-1.2.0.jar;C:\Users\lamzz\.m2\repository\org\junit\jupiter\junit-jupiter-api\5.10.0\junit-jupiter-api-5.10.0.jar;C:\Users\lamzz\.m2\repository\org\opentest4j\opentest4j\1.3.0\opentest4j-1.3.0.jar;C:\Users\lamzz\.m2\repository\org\junit\platform\junit-platform-commons\1.10.0\junit-platform-commons-1.10.0.jar;C:\Users\lamzz\.m2\repository\org\apiguardian\apiguardian-api\1.1.2\apiguardian-api-1.1.2.jar;C:\Users\lamzz\.m2\repository\org\mockito\mockito-core\5.5.0\mockito-core-5.5.0.jar;C:\Users\lamzz\.m2\repository\net\bytebuddy\byte-buddy\1.14.6\byte-buddy-1.14.6.jar;C:\Users\lamzz\.m2\repository\net\bytebuddy\byte-buddy-agent\1.14.6\byte-buddy-agent-1.14.6.jar;C:\Users\lamzz\.m2\repository\org\objenesis\objenesis\3.3\objenesis-3.3.jar;C:\Users\lamzz\.m2\repository\org\junit\jupiter\junit-jupiter-engine\5.10.0\junit-jupiter-engine-5.10.0.jar;C:\Users\lamzz\.m2\repository\org\junit\platform\junit-platform-engine\1.10.0\junit-platform-engine-1.10.0.jar;"/>
    <property name="java.vm.vendor" value="Oracle Corporation"/>
    <property name="sun.arch.data.model" value="64"/>
    <property name="user.variant" value=""/>
    <property name="java.vendor.url" value="https://java.oracle.com/"/>
    <property name="user.timezone" value="Europe/Warsaw"/>
    <property name="os.name" value="Windows 10"/>
    <property name="java.vm.specification.version" value="19"/>
    <property name="sun.java.launcher" value="SUN_STANDARD"/>
    <property name="user.country" value="PL"/>
    <property name="sun.boot.library.path" value="C:\Program Files\Java\jdk-19\bin"/>
    <property name="sun.java.command" value="C:\Users\lamzz\AppData\Local\Temp\surefire5929214095744535684\surefirebooter9314374504171632282.jar C:\Users\lamzz\AppData\Local\Temp\surefire5929214095744535684 2023-10-11T01-18-30_482-jvmRun1 surefire10015736328832866791tmp surefire_012350157074793775620tmp"/>
    <property name="jdk.debug" value="release"/>
    <property name="surefire.test.class.path" value="C:\pdf-transformation\backend\pdf-transformation-monorepo\pdf-merger-service\target\test-classes;C:\pdf-transformation\backend\pdf-transformation-monorepo\pdf-merger-service\target\classes;C:\Users\lamzz\.m2\repository\org\apache\pdfbox\pdfbox\2.0.24\pdfbox-2.0.24.jar;C:\Users\lamzz\.m2\repository\org\apache\pdfbox\fontbox\2.0.24\fontbox-2.0.24.jar;C:\Users\lamzz\.m2\repository\commons-logging\commons-logging\1.2\commons-logging-1.2.jar;C:\Users\lamzz\.m2\repository\com\amazonaws\aws-lambda-java-core\1.2.3\aws-lambda-java-core-1.2.3.jar;C:\Users\lamzz\.m2\repository\software\amazon\awssdk\s3\2.20.162\s3-2.20.162.jar;C:\Users\lamzz\.m2\repository\software\amazon\awssdk\aws-xml-protocol\2.20.162\aws-xml-protocol-2.20.162.jar;C:\Users\lamzz\.m2\repository\software\amazon\awssdk\aws-query-protocol\2.20.162\aws-query-protocol-2.20.162.jar;C:\Users\lamzz\.m2\repository\software\amazon\awssdk\protocol-core\2.20.162\protocol-core-2.20.162.jar;C:\Users\lamzz\.m2\repository\software\amazon\awssdk\arns\2.20.162\arns-2.20.162.jar;C:\Users\lamzz\.m2\repository\software\amazon\awssdk\profiles\2.20.162\profiles-2.20.162.jar;C:\Users\lamzz\.m2\repository\software\amazon\awssdk\crt-core\2.20.162\crt-core-2.20.162.jar;C:\Users\lamzz\.m2\repository\software\amazon\awssdk\sdk-core\2.20.162\sdk-core-2.20.162.jar;C:\Users\lamzz\.m2\repository\org\reactivestreams\reactive-streams\1.0.4\reactive-streams-1.0.4.jar;C:\Users\lamzz\.m2\repository\software\amazon\awssdk\auth\2.20.162\auth-2.20.162.jar;C:\Users\lamzz\.m2\repository\software\amazon\eventstream\eventstream\1.0.1\eventstream-1.0.1.jar;C:\Users\lamzz\.m2\repository\software\amazon\awssdk\http-client-spi\2.20.162\http-client-spi-2.20.162.jar;C:\Users\lamzz\.m2\repository\software\amazon\awssdk\regions\2.20.162\regions-2.20.162.jar;C:\Users\lamzz\.m2\repository\software\amazon\awssdk\annotations\2.20.162\annotations-2.20.162.jar;C:\Users\lamzz\.m2\repository\software\amazon\awssdk\utils\2.20.162\utils-2.20.162.jar;C:\Users\lamzz\.m2\repository\software\amazon\awssdk\aws-core\2.20.162\aws-core-2.20.162.jar;C:\Users\lamzz\.m2\repository\software\amazon\awssdk\metrics-spi\2.20.162\metrics-spi-2.20.162.jar;C:\Users\lamzz\.m2\repository\software\amazon\awssdk\json-utils\2.20.162\json-utils-2.20.162.jar;C:\Users\lamzz\.m2\repository\software\amazon\awssdk\third-party-jackson-core\2.20.162\third-party-jackson-core-2.20.162.jar;C:\Users\lamzz\.m2\repository\software\amazon\awssdk\endpoints-spi\2.20.162\endpoints-spi-2.20.162.jar;C:\Users\lamzz\.m2\repository\software\amazon\awssdk\apache-client\2.20.162\apache-client-2.20.162.jar;C:\Users\lamzz\.m2\repository\org\apache\httpcomponents\httpclient\4.5.13\httpclient-4.5.13.jar;C:\Users\lamzz\.m2\repository\org\apache\httpcomponents\httpcore\4.4.13\httpcore-4.4.13.jar;C:\Users\lamzz\.m2\repository\commons-codec\commons-codec\1.15\commons-codec-1.15.jar;C:\Users\lamzz\.m2\repository\software\amazon\awssdk\netty-nio-client\2.20.162\netty-nio-client-2.20.162.jar;C:\Users\lamzz\.m2\repository\io\netty\netty-codec-http\4.1.94.Final\netty-codec-http-4.1.94.Final.jar;C:\Users\lamzz\.m2\repository\io\netty\netty-codec-http2\4.1.94.Final\netty-codec-http2-4.1.94.Final.jar;C:\Users\lamzz\.m2\repository\io\netty\netty-codec\4.1.94.Final\netty-codec-4.1.94.Final.jar;C:\Users\lamzz\.m2\repository\io\netty\netty-transport\4.1.94.Final\netty-transport-4.1.94.Final.jar;C:\Users\lamzz\.m2\repository\io\netty\netty-common\4.1.94.Final\netty-common-4.1.94.Final.jar;C:\Users\lamzz\.m2\repository\io\netty\netty-buffer\4.1.94.Final\netty-buffer-4.1.94.Final.jar;C:\Users\lamzz\.m2\repository\io\netty\netty-handler\4.1.94.Final\netty-handler-4.1.94.Final.jar;C:\Users\lamzz\.m2\repository\io\netty\netty-transport-native-unix-common\4.1.94.Final\netty-transport-native-unix-common-4.1.94.Final.jar;C:\Users\lamzz\.m2\repository\io\netty\netty-transport-classes-epoll\4.1.94.Final\netty-transport-classes-epoll-4.1.94.Final.jar;C:\Users\lamzz\.m2\repository\io\netty\netty-resolver\4.1.94.Final\netty-resolver-4.1.94.Final.jar;C:\Users\lamzz\.m2\repository\software\amazon\awssdk\dynamodb\2.20.162\dynamodb-2.20.162.jar;C:\Users\lamzz\.m2\repository\software\amazon\awssdk\aws-json-protocol\2.20.162\aws-json-protocol-2.20.162.jar;C:\Users\lamzz\.m2\repository\software\amazon\awssdk\lambda\2.20.162\lambda-2.20.162.jar;C:\Users\lamzz\.m2\repository\com\amazonaws\aws-lambda-java-events\3.11.0\aws-lambda-java-events-3.11.0.jar;C:\Users\lamzz\.m2\repository\joda-time\joda-time\2.6\joda-time-2.6.jar;C:\Users\lamzz\.m2\repository\org\apache\logging\log4j\log4j-slf4j2-impl\2.20.0\log4j-slf4j2-impl-2.20.0.jar;C:\Users\lamzz\.m2\repository\org\apache\logging\log4j\log4j-api\2.20.0\log4j-api-2.20.0.jar;C:\Users\lamzz\.m2\repository\org\slf4j\slf4j-api\2.0.6\slf4j-api-2.0.6.jar;C:\Users\lamzz\.m2\repository\org\apache\logging\log4j\log4j-core\2.20.0\log4j-core-2.20.0.jar;C:\Users\lamzz\.m2\repository\com\fasterxml\jackson\core\jackson-databind\2.15.2\jackson-databind-2.15.2.jar;C:\Users\lamzz\.m2\repository\com\fasterxml\jackson\core\jackson-annotations\2.15.2\jackson-annotations-2.15.2.jar;C:\Users\lamzz\.m2\repository\com\fasterxml\jackson\core\jackson-core\2.15.2\jackson-core-2.15.2.jar;C:\Users\lamzz\.m2\repository\javax\xml\bind\jaxb-api\2.3.1\jaxb-api-2.3.1.jar;C:\Users\lamzz\.m2\repository\javax\activation\javax.activation-api\1.2.0\javax.activation-api-1.2.0.jar;C:\Users\lamzz\.m2\repository\org\junit\jupiter\junit-jupiter-api\5.10.0\junit-jupiter-api-5.10.0.jar;C:\Users\lamzz\.m2\repository\org\opentest4j\opentest4j\1.3.0\opentest4j-1.3.0.jar;C:\Users\lamzz\.m2\repository\org\junit\platform\junit-platform-commons\1.10.0\junit-platform-commons-1.10.0.jar;C:\Users\lamzz\.m2\repository\org\apiguardian\apiguardian-api\1.1.2\apiguardian-api-1.1.2.jar;C:\Users\lamzz\.m2\repository\org\mockito\mockito-core\5.5.0\mockito-core-5.5.0.jar;C:\Users\lamzz\.m2\repository\net\bytebuddy\byte-buddy\1.14.6\byte-buddy-1.14.6.jar;C:\Users\lamzz\.m2\repository\net\bytebuddy\byte-buddy-agent\1.14.6\byte-buddy-agent-1.14.6.jar;C:\Users\lamzz\.m2\repository\org\objenesis\objenesis\3.3\objenesis-3.3.jar;C:\Users\lamzz\.m2\repository\org\junit\jupiter\junit-jupiter-engine\5.10.0\junit-jupiter-engine-5.10.0.jar;C:\Users\lamzz\.m2\repository\org\junit\platform\junit-platform-engine\1.10.0\junit-platform-engine-1.10.0.jar;"/>
    <property name="sun.cpu.endian" value="little"/>
    <property name="user.home" value="C:\Users\lamzz"/>
    <property name="user.language" value="pl"/>
    <property name="java.specification.vendor" value="Oracle Corporation"/>
    <property name="java.version.date" value="2022-09-20"/>
    <property name="java.home" value="C:\Program Files\Java\jdk-19"/>
    <property name="file.separator" value="\"/>
    <property name="basedir" value="C:\pdf-transformation\backend\pdf-transformation-monorepo\pdf-merger-service"/>
    <property name="style.color" value="always"/>
    <property name="java.vm.compressedOopsMode" value="32-bit"/>
    <property name="line.separator" value="&#10;"/>
    <property name="java.vm.specification.vendor" value="Oracle Corporation"/>
    <property name="java.specification.name" value="Java Platform API Specification"/>
    <property name="surefire.real.class.path" value="C:\Users\lamzz\AppData\Local\Temp\surefire5929214095744535684\surefirebooter9314374504171632282.jar"/>
    <property name="user.script" value=""/>
    <property name="sun.management.compiler" value="HotSpot 64-Bit Tiered Compilers"/>
    <property name="java.runtime.version" value="19+36-2238"/>
    <property name="user.name" value="lamzz"/>
    <property name="stdout.encoding" value="Cp1250"/>
    <property name="path.separator" value=";"/>
    <property name="os.version" value="10.0"/>
    <property name="java.runtime.name" value="Java(TM) SE Runtime Environment"/>
    <property name="file.encoding" value="UTF-8"/>
    <property name="java.vm.name" value="Java HotSpot(TM) 64-Bit Server VM"/>
    <property name="localRepository" value="C:\Users\lamzz\.m2\repository"/>
    <property name="java.vendor.url.bug" value="https://bugreport.java.com/bugreport/"/>
    <property name="java.io.tmpdir" value="C:\Users\lamzz\AppData\Local\Temp\"/>
    <property name="java.version" value="19"/>
    <property name="user.dir" value="C:\pdf-transformation\backend\pdf-transformation-monorepo\pdf-merger-service"/>
    <property name="os.arch" value="amd64"/>
    <property name="java.vm.specification.name" value="Java Virtual Machine Specification"/>
    <property name="sun.os.patch.level" value=""/>
    <property name="native.encoding" value="Cp1250"/>
    <property name="java.library.path" value="C:\Program Files\Java\jdk-19\bin;C:\WINDOWS\Sun\Java\bin;C:\WINDOWS\system32;C:\WINDOWS;C:\app\lamzz\product\21c\dbhomeXE\bin;C:\Program Files\Common Files\Oracle\Java\javapath;C:\Program Files (x86)\Intel\iCLS Client\;C:\Program Files\Intel\iCLS Client\;C:\Windows\system32;C:\Windows;C:\Windows\System32\Wbem;C:\Windows\System32\WindowsPowerShell\v1.0\;C:\Program Files (x86)\Intel\Intel(R) Management Engine Components\DAL;C:\Program Files\Intel\Intel(R) Management Engine Components\DAL;C:\Program Files (x86)\Intel\Intel(R) Management Engine Components\IPT;C:\Program Files\Intel\Intel(R) Management Engine Components\IPT;C:\Program Files (x86)\NVIDIA Corporation\PhysX\Common;C:\WINDOWS\system32;C:\WINDOWS;C:\WINDOWS\System32\Wbem;C:\WINDOWS\System32\WindowsPowerShell\v1.0\;C:\WINDOWS\System32\OpenSSH\;C:\Program Files\Git\cmd;C:\Program Files\MATLAB\MATLAB Runtime\v92\runtime\win64;C:\Program Files\apache-maven-3.8.6\bin;;C:\Program Files\Docker\Docker\resources\bin;C:\Program Files\nodejs\;C:\Program Files\Amazon\AWSSAMCLI\bin\;C:\Program Files\MySQL\MySQL Shell 8.0\bin\;C:\Users\lamzz\Anaconda3;C:\Users\lamzz\Anaconda3\Library\mingw-w64\bin;C:\Users\lamzz\Anaconda3\Library\usr\bin;C:\Users\lamzz\Anaconda3\Library\bin;C:\Users\lamzz\Anaconda3\Scripts;C:\Users\lamzz\AppData\Local\Microsoft\WindowsApps;C:\Users\lamzz\AppData\Local\atom\bin;C:\Users\lamzz\AppData\Local\Microsoft\WindowsApps;C:\Users\lamzz\AppData\Local\GitHubDesktop\bin;C:\Users\lamzz\AppData\Local\Programs\Microsoft VS Code\bin;C:\Program Files\Java\jdk-19\bin;C:\Users\lamzz\AppData\Roaming\npm;."/>
    <property name="java.vm.info" value="mixed mode, sharing"/>
    <property name="stderr.encoding" value="Cp1250"/>
    <property name="java.vendor" value="Oracle Corporation"/>
    <property name="java.vm.version" value="19+36-2238"/>
    <property name="sun.io.unicode.encoding" value="UnicodeLittle"/>
    <property name="java.class.version" value="63.0"/>
  </properties>
  <testcase name="testMergePdfs" classname="com.jakubrurak.pdfoperations.merge.PDFMergerHandlerTest" time="7.576"/>
  <testcase name="testMergeThreePdfs" classname="com.jakubrurak.pdfoperations.merge.PDFMergerHandlerTest" time="1.272"/>
</testsuite>